
*** Running vivado
    with args -log calculator.vds -m64 -product Vivado -mode batch -messageDb vivado.pb -notrace -source calculator.tcl



****** Vivado v2020.2 (64-bit)
  **** SW Build 3064766 on Wed Nov 18 09:12:45 MST 2020
  **** IP Build 3064653 on Wed Nov 18 14:17:31 MST 2020
    ** Copyright 1986-2020 Xilinx, Inc. All Rights Reserved.

source calculator.tcl -notrace
Command: synth_design -top calculator -part xc7a35tcpg236-1
Starting synth_design
Attempting to get a license for feature 'Synthesis' and/or device 'xc7a35t'
INFO: [Common 17-349] Got license for feature 'Synthesis' and/or device 'xc7a35t'
INFO: [Device 21-403] Loading part xc7a35tcpg236-1
INFO: [Synth 8-7079] Multithreading enabled for synth_design using a maximum of 2 processes.
INFO: [Synth 8-7078] Launching helper process for spawning children vivado processes
INFO: [Synth 8-7075] Helper process launched with PID 7736
---------------------------------------------------------------------------------
Starting RTL Elaboration : Time (s): cpu = 00:00:03 ; elapsed = 00:00:03 . Memory (MB): peak = 1105.859 ; gain = 0.000
---------------------------------------------------------------------------------
INFO: [Synth 8-6157] synthesizing module 'calculator' [C:/FPGA_Harman/20250304_adder_fnd/20250304_adder_fnd.srcs/sources_1/imports/new/adder.v:106]
INFO: [Synth 8-6157] synthesizing module 'fnd_controller' [C:/FPGA_Harman/20250304_adder_fnd/20250304_adder_fnd.srcs/sources_1/imports/new/fnd_controller.v:3]
INFO: [Synth 8-6157] synthesizing module 'decoder_2x4' [C:/FPGA_Harman/20250304_adder_fnd/20250304_adder_fnd.srcs/sources_1/imports/new/fnd_controller.v:101]
INFO: [Synth 8-226] default block is never used [C:/FPGA_Harman/20250304_adder_fnd/20250304_adder_fnd.srcs/sources_1/imports/new/fnd_controller.v:108]
INFO: [Synth 8-6155] done synthesizing module 'decoder_2x4' (1#1) [C:/FPGA_Harman/20250304_adder_fnd/20250304_adder_fnd.srcs/sources_1/imports/new/fnd_controller.v:101]
INFO: [Synth 8-6157] synthesizing module 'digit_splitter' [C:/FPGA_Harman/20250304_adder_fnd/20250304_adder_fnd.srcs/sources_1/imports/new/fnd_controller.v:68]
INFO: [Synth 8-6155] done synthesizing module 'digit_splitter' (2#1) [C:/FPGA_Harman/20250304_adder_fnd/20250304_adder_fnd.srcs/sources_1/imports/new/fnd_controller.v:68]
INFO: [Synth 8-6157] synthesizing module 'mux_4x1' [C:/FPGA_Harman/20250304_adder_fnd/20250304_adder_fnd.srcs/sources_1/imports/new/fnd_controller.v:80]
INFO: [Synth 8-226] default block is never used [C:/FPGA_Harman/20250304_adder_fnd/20250304_adder_fnd.srcs/sources_1/imports/new/fnd_controller.v:90]
INFO: [Synth 8-6155] done synthesizing module 'mux_4x1' (3#1) [C:/FPGA_Harman/20250304_adder_fnd/20250304_adder_fnd.srcs/sources_1/imports/new/fnd_controller.v:80]
INFO: [Synth 8-6157] synthesizing module 'bcdtoseg' [C:/FPGA_Harman/20250304_adder_fnd/20250304_adder_fnd.srcs/sources_1/imports/new/fnd_controller.v:39]
INFO: [Synth 8-226] default block is never used [C:/FPGA_Harman/20250304_adder_fnd/20250304_adder_fnd.srcs/sources_1/imports/new/fnd_controller.v:46]
INFO: [Synth 8-6155] done synthesizing module 'bcdtoseg' (4#1) [C:/FPGA_Harman/20250304_adder_fnd/20250304_adder_fnd.srcs/sources_1/imports/new/fnd_controller.v:39]
INFO: [Synth 8-6155] done synthesizing module 'fnd_controller' (5#1) [C:/FPGA_Harman/20250304_adder_fnd/20250304_adder_fnd.srcs/sources_1/imports/new/fnd_controller.v:3]
INFO: [Synth 8-6157] synthesizing module 'adder_8' [C:/FPGA_Harman/20250304_adder_fnd/20250304_adder_fnd.srcs/sources_1/imports/new/adder.v:83]
INFO: [Synth 8-6157] synthesizing module 'fa_4' [C:/FPGA_Harman/20250304_adder_fnd/20250304_adder_fnd.srcs/sources_1/imports/new/adder.v:41]
INFO: [Synth 8-6157] synthesizing module 'full_adder' [C:/FPGA_Harman/20250304_adder_fnd/20250304_adder_fnd.srcs/sources_1/imports/new/adder.v:20]
INFO: [Synth 8-6157] synthesizing module 'half_adder' [C:/FPGA_Harman/20250304_adder_fnd/20250304_adder_fnd.srcs/sources_1/imports/new/adder.v:8]
INFO: [Synth 8-6155] done synthesizing module 'half_adder' (6#1) [C:/FPGA_Harman/20250304_adder_fnd/20250304_adder_fnd.srcs/sources_1/imports/new/adder.v:8]
INFO: [Synth 8-6155] done synthesizing module 'full_adder' (7#1) [C:/FPGA_Harman/20250304_adder_fnd/20250304_adder_fnd.srcs/sources_1/imports/new/adder.v:20]
INFO: [Synth 8-6155] done synthesizing module 'fa_4' (8#1) [C:/FPGA_Harman/20250304_adder_fnd/20250304_adder_fnd.srcs/sources_1/imports/new/adder.v:41]
INFO: [Synth 8-6155] done synthesizing module 'adder_8' (9#1) [C:/FPGA_Harman/20250304_adder_fnd/20250304_adder_fnd.srcs/sources_1/imports/new/adder.v:83]
INFO: [Synth 8-6155] done synthesizing module 'calculator' (10#1) [C:/FPGA_Harman/20250304_adder_fnd/20250304_adder_fnd.srcs/sources_1/imports/new/adder.v:106]
---------------------------------------------------------------------------------
Finished RTL Elaboration : Time (s): cpu = 00:00:04 ; elapsed = 00:00:04 . Memory (MB): peak = 1105.859 ; gain = 0.000
---------------------------------------------------------------------------------
---------------------------------------------------------------------------------
Start Handling Custom Attributes
---------------------------------------------------------------------------------
---------------------------------------------------------------------------------
Finished Handling Custom Attributes : Time (s): cpu = 00:00:04 ; elapsed = 00:00:05 . Memory (MB): peak = 1105.859 ; gain = 0.000
---------------------------------------------------------------------------------
---------------------------------------------------------------------------------
Finished RTL Optimization Phase 1 : Time (s): cpu = 00:00:04 ; elapsed = 00:00:05 . Memory (MB): peak = 1105.859 ; gain = 0.000
---------------------------------------------------------------------------------
Netlist sorting complete. Time (s): cpu = 00:00:00 ; elapsed = 00:00:00.001 . Memory (MB): peak = 1105.859 ; gain = 0.000
INFO: [Project 1-570] Preparing netlist for logic optimization

Processing XDC Constraints
Initializing timing engine
Parsing XDC File [C:/FPGA_Harman/20250304_adder_fnd/20250304_adder_fnd.srcs/constrs_1/imports/FPGA_Harman/Basys-3-Master.xdc]
Finished Parsing XDC File [C:/FPGA_Harman/20250304_adder_fnd/20250304_adder_fnd.srcs/constrs_1/imports/FPGA_Harman/Basys-3-Master.xdc]
INFO: [Project 1-236] Implementation specific constraints were found while reading constraint file [C:/FPGA_Harman/20250304_adder_fnd/20250304_adder_fnd.srcs/constrs_1/imports/FPGA_Harman/Basys-3-Master.xdc]. These constraints will be ignored for synthesis but will be used in implementation. Impacted constraints are listed in the file [.Xil/calculator_propImpl.xdc].
Resolution: To avoid this warning, move constraints listed in [.Xil/calculator_propImpl.xdc] to another XDC file and exclude this new file from synthesis with the used_in_synthesis property (File Properties dialog in GUI) and re-run elaboration/synthesis.
Completed Processing XDC Constraints

Netlist sorting complete. Time (s): cpu = 00:00:00 ; elapsed = 00:00:00 . Memory (MB): peak = 1137.879 ; gain = 0.000
INFO: [Project 1-111] Unisim Transformation Summary:
No Unisim elements were transformed.

Constraint Validation Runtime : Time (s): cpu = 00:00:00 ; elapsed = 00:00:00.002 . Memory (MB): peak = 1137.879 ; gain = 0.000
---------------------------------------------------------------------------------
Finished Constraint Validation : Time (s): cpu = 00:00:08 ; elapsed = 00:00:09 . Memory (MB): peak = 1137.879 ; gain = 32.020
---------------------------------------------------------------------------------
---------------------------------------------------------------------------------
Start Loading Part and Timing Information
---------------------------------------------------------------------------------
Loading part: xc7a35tcpg236-1
---------------------------------------------------------------------------------
Finished Loading Part and Timing Information : Time (s): cpu = 00:00:08 ; elapsed = 00:00:09 . Memory (MB): peak = 1137.879 ; gain = 32.020
---------------------------------------------------------------------------------
---------------------------------------------------------------------------------
Start Applying 'set_property' XDC Constraints
---------------------------------------------------------------------------------
---------------------------------------------------------------------------------
Finished applying 'set_property' XDC Constraints : Time (s): cpu = 00:00:08 ; elapsed = 00:00:09 . Memory (MB): peak = 1137.879 ; gain = 32.020
---------------------------------------------------------------------------------
---------------------------------------------------------------------------------
Finished RTL Optimization Phase 2 : Time (s): cpu = 00:00:08 ; elapsed = 00:00:09 . Memory (MB): peak = 1137.879 ; gain = 32.020
---------------------------------------------------------------------------------
---------------------------------------------------------------------------------
Start RTL Component Statistics 
---------------------------------------------------------------------------------
Detailed RTL Component Info : 
+---XORs : 
	   2 Input      1 Bit         XORs := 16    
+---Muxes : 
	   4 Input    4 Bit        Muxes := 2     
---------------------------------------------------------------------------------
Finished RTL Component Statistics 
---------------------------------------------------------------------------------
---------------------------------------------------------------------------------
Start Part Resource Summary
---------------------------------------------------------------------------------
Part Resources:
DSPs: 90 (col length:60)
BRAMs: 100 (col length: RAMB18 60 RAMB36 30)
---------------------------------------------------------------------------------
Finished Part Resource Summary
---------------------------------------------------------------------------------
---------------------------------------------------------------------------------
Start Cross Boundary and Area Optimization
---------------------------------------------------------------------------------
---------------------------------------------------------------------------------
Finished Cross Boundary and Area Optimization : Time (s): cpu = 00:00:11 ; elapsed = 00:00:12 . Memory (MB): peak = 1137.879 ; gain = 32.020
---------------------------------------------------------------------------------
---------------------------------------------------------------------------------
Start Applying XDC Timing Constraints
---------------------------------------------------------------------------------
---------------------------------------------------------------------------------
Finished Applying XDC Timing Constraints : Time (s): cpu = 00:00:15 ; elapsed = 00:00:16 . Memory (MB): peak = 1151.066 ; gain = 45.207
---------------------------------------------------------------------------------
---------------------------------------------------------------------------------
Start Timing Optimization
---------------------------------------------------------------------------------
---------------------------------------------------------------------------------
Finished Timing Optimization : Time (s): cpu = 00:00:15 ; elapsed = 00:00:16 . Memory (MB): peak = 1151.066 ; gain = 45.207
---------------------------------------------------------------------------------
---------------------------------------------------------------------------------
Start Technology Mapping
---------------------------------------------------------------------------------
---------------------------------------------------------------------------------
Finished Technology Mapping : Time (s): cpu = 00:00:15 ; elapsed = 00:00:16 . Memory (MB): peak = 1173.160 ; gain = 67.301
---------------------------------------------------------------------------------
---------------------------------------------------------------------------------
Start IO Insertion
---------------------------------------------------------------------------------
---------------------------------------------------------------------------------
Start Flattening Before IO Insertion
---------------------------------------------------------------------------------
---------------------------------------------------------------------------------
Finished Flattening Before IO Insertion
---------------------------------------------------------------------------------
---------------------------------------------------------------------------------
Start Final Netlist Cleanup
---------------------------------------------------------------------------------
---------------------------------------------------------------------------------
Finished Final Netlist Cleanup
---------------------------------------------------------------------------------
---------------------------------------------------------------------------------
Finished IO Insertion : Time (s): cpu = 00:00:18 ; elapsed = 00:00:18 . Memory (MB): peak = 1188.004 ; gain = 82.145
---------------------------------------------------------------------------------
---------------------------------------------------------------------------------
Start Renaming Generated Instances
---------------------------------------------------------------------------------
---------------------------------------------------------------------------------
Finished Renaming Generated Instances : Time (s): cpu = 00:00:18 ; elapsed = 00:00:18 . Memory (MB): peak = 1188.004 ; gain = 82.145
---------------------------------------------------------------------------------
---------------------------------------------------------------------------------
Start Rebuilding User Hierarchy
---------------------------------------------------------------------------------
---------------------------------------------------------------------------------
Finished Rebuilding User Hierarchy : Time (s): cpu = 00:00:18 ; elapsed = 00:00:18 . Memory (MB): peak = 1188.004 ; gain = 82.145
---------------------------------------------------------------------------------
---------------------------------------------------------------------------------
Start Renaming Generated Ports
---------------------------------------------------------------------------------
---------------------------------------------------------------------------------
Finished Renaming Generated Ports : Time (s): cpu = 00:00:18 ; elapsed = 00:00:18 . Memory (MB): peak = 1188.004 ; gain = 82.145
---------------------------------------------------------------------------------
---------------------------------------------------------------------------------
Start Handling Custom Attributes
---------------------------------------------------------------------------------
---------------------------------------------------------------------------------
Finished Handling Custom Attributes : Time (s): cpu = 00:00:18 ; elapsed = 00:00:18 . Memory (MB): peak = 1188.004 ; gain = 82.145
---------------------------------------------------------------------------------
---------------------------------------------------------------------------------
Start Renaming Generated Nets
---------------------------------------------------------------------------------
---------------------------------------------------------------------------------
Finished Renaming Generated Nets : Time (s): cpu = 00:00:18 ; elapsed = 00:00:18 . Memory (MB): peak = 1188.004 ; gain = 82.145
---------------------------------------------------------------------------------
---------------------------------------------------------------------------------
Start Writing Synthesis Report
---------------------------------------------------------------------------------

Report BlackBoxes: 
+-+--------------+----------+
| |BlackBox name |Instances |
+-+--------------+----------+
+-+--------------+----------+

Report Cell Usage: 
+------+-------+------+
|      |Cell   |Count |
+------+-------+------+
|1     |CARRY4 |     5|
|2     |LUT2   |    14|
|3     |LUT3   |     3|
|4     |LUT4   |    19|
|5     |LUT5   |    14|
|6     |LUT6   |    19|
|7     |IBUF   |    18|
|8     |OBUF   |    12|
+------+-------+------+
---------------------------------------------------------------------------------
Finished Writing Synthesis Report : Time (s): cpu = 00:00:18 ; elapsed = 00:00:18 . Memory (MB): peak = 1188.004 ; gain = 82.145
---------------------------------------------------------------------------------
Synthesis finished with 0 errors, 0 critical warnings and 0 warnings.
Synthesis Optimization Runtime : Time (s): cpu = 00:00:12 ; elapsed = 00:00:17 . Memory (MB): peak = 1188.004 ; gain = 50.125
Synthesis Optimization Complete : Time (s): cpu = 00:00:18 ; elapsed = 00:00:19 . Memory (MB): peak = 1188.004 ; gain = 82.145
INFO: [Project 1-571] Translating synthesized netlist
Netlist sorting complete. Time (s): cpu = 00:00:00 ; elapsed = 00:00:00.001 . Memory (MB): peak = 1199.043 ; gain = 0.000
INFO: [Netlist 29-17] Analyzing 5 Unisim elements for replacement
INFO: [Netlist 29-28] Unisim Transformation completed in 0 CPU seconds
INFO: [Project 1-570] Preparing netlist for logic optimization
INFO: [Opt 31-138] Pushed 0 inverter(s) to 0 load pin(s).
Netlist sorting complete. Time (s): cpu = 00:00:00 ; elapsed = 00:00:00 . Memory (MB): peak = 1199.043 ; gain = 0.000
INFO: [Project 1-111] Unisim Transformation Summary:
No Unisim elements were transformed.

INFO: [Common 17-83] Releasing license: Synthesis
38 Infos, 0 Warnings, 0 Critical Warnings and 0 Errors encountered.
synth_design completed successfully
synth_design: Time (s): cpu = 00:00:20 ; elapsed = 00:00:23 . Memory (MB): peak = 1199.043 ; gain = 93.184
INFO: [Common 17-1381] The checkpoint 'C:/FPGA_Harman/20250304_adder_fnd/20250304_adder_fnd.runs/synth_1/calculator.dcp' has been generated.
INFO: [runtcl-4] Executing : report_utilization -file calculator_utilization_synth.rpt -pb calculator_utilization_synth.pb
INFO: [Common 17-206] Exiting Vivado at Tue Mar  4 11:59:28 2025...
