
*** Running vivado
    with args -log fnd_controller.vds -m64 -product Vivado -mode batch -messageDb vivado.pb -notrace -source fnd_controller.tcl



****** Vivado v2020.2 (64-bit)
  **** SW Build 3064766 on Wed Nov 18 09:12:45 MST 2020
  **** IP Build 3064653 on Wed Nov 18 14:17:31 MST 2020
    ** Copyright 1986-2020 Xilinx, Inc. All Rights Reserved.

source fnd_controller.tcl -notrace
Command: synth_design -top fnd_controller -part xc7a35tcpg236-1
Starting synth_design
Attempting to get a license for feature 'Synthesis' and/or device 'xc7a35t'
INFO: [Common 17-349] Got license for feature 'Synthesis' and/or device 'xc7a35t'
INFO: [Device 21-403] Loading part xc7a35tcpg236-1
INFO: [Synth 8-7079] Multithreading enabled for synth_design using a maximum of 2 processes.
INFO: [Synth 8-7078] Launching helper process for spawning children vivado processes
INFO: [Synth 8-7075] Helper process launched with PID 19284
---------------------------------------------------------------------------------
Starting RTL Elaboration : Time (s): cpu = 00:00:04 ; elapsed = 00:00:04 . Memory (MB): peak = 1106.922 ; gain = 0.000
---------------------------------------------------------------------------------
INFO: [Synth 8-6157] synthesizing module 'fnd_controller' [C:/FPGA_Harman/20250304_HW/20250304_HW.srcs/sources_1/imports/new/fnd_controller.v:3]
INFO: [Synth 8-6157] synthesizing module 'counter' [C:/FPGA_Harman/20250304_HW/20250304_HW.srcs/sources_1/new/counter.v:3]
INFO: [Synth 8-6155] done synthesizing module 'counter' (1#1) [C:/FPGA_Harman/20250304_HW/20250304_HW.srcs/sources_1/new/counter.v:3]
INFO: [Synth 8-6157] synthesizing module 'clk_divider' [C:/FPGA_Harman/20250304_HW/20250304_HW.srcs/sources_1/imports/new/fnd_controller.v:123]
	Parameter FCOUNT bound to: 10000000 - type: integer 
INFO: [Synth 8-6155] done synthesizing module 'clk_divider' (2#1) [C:/FPGA_Harman/20250304_HW/20250304_HW.srcs/sources_1/imports/new/fnd_controller.v:123]
INFO: [Synth 8-6157] synthesizing module 'counter_4' [C:/FPGA_Harman/20250304_HW/20250304_HW.srcs/sources_1/imports/new/fnd_controller.v:150]
INFO: [Synth 8-6155] done synthesizing module 'counter_4' (3#1) [C:/FPGA_Harman/20250304_HW/20250304_HW.srcs/sources_1/imports/new/fnd_controller.v:150]
INFO: [Synth 8-6157] synthesizing module 'decoder_2x4' [C:/FPGA_Harman/20250304_HW/20250304_HW.srcs/sources_1/imports/new/fnd_controller.v:168]
INFO: [Synth 8-226] default block is never used [C:/FPGA_Harman/20250304_HW/20250304_HW.srcs/sources_1/imports/new/fnd_controller.v:175]
INFO: [Synth 8-6155] done synthesizing module 'decoder_2x4' (4#1) [C:/FPGA_Harman/20250304_HW/20250304_HW.srcs/sources_1/imports/new/fnd_controller.v:168]
INFO: [Synth 8-6157] synthesizing module 'digit_splitter' [C:/FPGA_Harman/20250304_HW/20250304_HW.srcs/sources_1/imports/new/fnd_controller.v:90]
INFO: [Synth 8-6155] done synthesizing module 'digit_splitter' (5#1) [C:/FPGA_Harman/20250304_HW/20250304_HW.srcs/sources_1/imports/new/fnd_controller.v:90]
INFO: [Synth 8-6157] synthesizing module 'mux_4x1' [C:/FPGA_Harman/20250304_HW/20250304_HW.srcs/sources_1/imports/new/fnd_controller.v:102]
INFO: [Synth 8-226] default block is never used [C:/FPGA_Harman/20250304_HW/20250304_HW.srcs/sources_1/imports/new/fnd_controller.v:112]
INFO: [Synth 8-6155] done synthesizing module 'mux_4x1' (6#1) [C:/FPGA_Harman/20250304_HW/20250304_HW.srcs/sources_1/imports/new/fnd_controller.v:102]
INFO: [Synth 8-6157] synthesizing module 'bcdtoseg' [C:/FPGA_Harman/20250304_HW/20250304_HW.srcs/sources_1/imports/new/fnd_controller.v:61]
INFO: [Synth 8-6155] done synthesizing module 'bcdtoseg' (7#1) [C:/FPGA_Harman/20250304_HW/20250304_HW.srcs/sources_1/imports/new/fnd_controller.v:61]
INFO: [Synth 8-6155] done synthesizing module 'fnd_controller' (8#1) [C:/FPGA_Harman/20250304_HW/20250304_HW.srcs/sources_1/imports/new/fnd_controller.v:3]
---------------------------------------------------------------------------------
Finished RTL Elaboration : Time (s): cpu = 00:00:05 ; elapsed = 00:00:05 . Memory (MB): peak = 1106.922 ; gain = 0.000
---------------------------------------------------------------------------------
---------------------------------------------------------------------------------
Start Handling Custom Attributes
---------------------------------------------------------------------------------
---------------------------------------------------------------------------------
Finished Handling Custom Attributes : Time (s): cpu = 00:00:05 ; elapsed = 00:00:06 . Memory (MB): peak = 1106.922 ; gain = 0.000
---------------------------------------------------------------------------------
---------------------------------------------------------------------------------
Finished RTL Optimization Phase 1 : Time (s): cpu = 00:00:05 ; elapsed = 00:00:06 . Memory (MB): peak = 1106.922 ; gain = 0.000
---------------------------------------------------------------------------------
Netlist sorting complete. Time (s): cpu = 00:00:00 ; elapsed = 00:00:00.001 . Memory (MB): peak = 1106.922 ; gain = 0.000
INFO: [Project 1-570] Preparing netlist for logic optimization

Processing XDC Constraints
Initializing timing engine
Parsing XDC File [C:/FPGA_Harman/20250304_HW/20250304_HW.srcs/constrs_1/imports/FPGA_Harman/Basys-3-Master.xdc]
Finished Parsing XDC File [C:/FPGA_Harman/20250304_HW/20250304_HW.srcs/constrs_1/imports/FPGA_Harman/Basys-3-Master.xdc]
INFO: [Project 1-236] Implementation specific constraints were found while reading constraint file [C:/FPGA_Harman/20250304_HW/20250304_HW.srcs/constrs_1/imports/FPGA_Harman/Basys-3-Master.xdc]. These constraints will be ignored for synthesis but will be used in implementation. Impacted constraints are listed in the file [.Xil/fnd_controller_propImpl.xdc].
Resolution: To avoid this warning, move constraints listed in [.Xil/fnd_controller_propImpl.xdc] to another XDC file and exclude this new file from synthesis with the used_in_synthesis property (File Properties dialog in GUI) and re-run elaboration/synthesis.
Completed Processing XDC Constraints

Netlist sorting complete. Time (s): cpu = 00:00:00 ; elapsed = 00:00:00 . Memory (MB): peak = 1155.078 ; gain = 0.000
INFO: [Project 1-111] Unisim Transformation Summary:
No Unisim elements were transformed.

Constraint Validation Runtime : Time (s): cpu = 00:00:00 ; elapsed = 00:00:00.004 . Memory (MB): peak = 1155.078 ; gain = 0.000
---------------------------------------------------------------------------------
Finished Constraint Validation : Time (s): cpu = 00:00:12 ; elapsed = 00:00:13 . Memory (MB): peak = 1155.078 ; gain = 48.156
---------------------------------------------------------------------------------
---------------------------------------------------------------------------------
Start Loading Part and Timing Information
---------------------------------------------------------------------------------
Loading part: xc7a35tcpg236-1
---------------------------------------------------------------------------------
Finished Loading Part and Timing Information : Time (s): cpu = 00:00:12 ; elapsed = 00:00:13 . Memory (MB): peak = 1155.078 ; gain = 48.156
---------------------------------------------------------------------------------
---------------------------------------------------------------------------------
Start Applying 'set_property' XDC Constraints
---------------------------------------------------------------------------------
---------------------------------------------------------------------------------
Finished applying 'set_property' XDC Constraints : Time (s): cpu = 00:00:12 ; elapsed = 00:00:13 . Memory (MB): peak = 1155.078 ; gain = 48.156
---------------------------------------------------------------------------------
---------------------------------------------------------------------------------
Finished RTL Optimization Phase 2 : Time (s): cpu = 00:00:12 ; elapsed = 00:00:13 . Memory (MB): peak = 1155.078 ; gain = 48.156
---------------------------------------------------------------------------------
---------------------------------------------------------------------------------
Start RTL Component Statistics 
---------------------------------------------------------------------------------
Detailed RTL Component Info : 
+---Adders : 
	   2 Input   24 Bit       Adders := 1     
	   2 Input    2 Bit       Adders := 1     
+---Registers : 
	               24 Bit    Registers := 1     
	                2 Bit    Registers := 1     
	                1 Bit    Registers := 1     
+---Muxes : 
	   2 Input   24 Bit        Muxes := 1     
	   2 Input    8 Bit        Muxes := 1     
	   4 Input    4 Bit        Muxes := 2     
---------------------------------------------------------------------------------
Finished RTL Component Statistics 
---------------------------------------------------------------------------------
---------------------------------------------------------------------------------
Start Part Resource Summary
---------------------------------------------------------------------------------
Part Resources:
DSPs: 90 (col length:60)
BRAMs: 100 (col length: RAMB18 60 RAMB36 30)
---------------------------------------------------------------------------------
Finished Part Resource Summary
---------------------------------------------------------------------------------
---------------------------------------------------------------------------------
Start Cross Boundary and Area Optimization
---------------------------------------------------------------------------------
---------------------------------------------------------------------------------
Finished Cross Boundary and Area Optimization : Time (s): cpu = 00:00:20 ; elapsed = 00:00:21 . Memory (MB): peak = 1155.078 ; gain = 48.156
---------------------------------------------------------------------------------
---------------------------------------------------------------------------------
Start Applying XDC Timing Constraints
---------------------------------------------------------------------------------
---------------------------------------------------------------------------------
Finished Applying XDC Timing Constraints : Time (s): cpu = 00:00:26 ; elapsed = 00:00:28 . Memory (MB): peak = 1169.488 ; gain = 62.566
---------------------------------------------------------------------------------
---------------------------------------------------------------------------------
Start Timing Optimization
---------------------------------------------------------------------------------
---------------------------------------------------------------------------------
Finished Timing Optimization : Time (s): cpu = 00:00:26 ; elapsed = 00:00:28 . Memory (MB): peak = 1188.590 ; gain = 81.668
---------------------------------------------------------------------------------
---------------------------------------------------------------------------------
Start Technology Mapping
---------------------------------------------------------------------------------
---------------------------------------------------------------------------------
Finished Technology Mapping : Time (s): cpu = 00:00:27 ; elapsed = 00:00:28 . Memory (MB): peak = 1198.578 ; gain = 91.656
---------------------------------------------------------------------------------
---------------------------------------------------------------------------------
Start IO Insertion
---------------------------------------------------------------------------------
---------------------------------------------------------------------------------
Start Flattening Before IO Insertion
---------------------------------------------------------------------------------
---------------------------------------------------------------------------------
Finished Flattening Before IO Insertion
---------------------------------------------------------------------------------
---------------------------------------------------------------------------------
Start Final Netlist Cleanup
---------------------------------------------------------------------------------
---------------------------------------------------------------------------------
Finished Final Netlist Cleanup
---------------------------------------------------------------------------------
---------------------------------------------------------------------------------
Finished IO Insertion : Time (s): cpu = 00:00:30 ; elapsed = 00:00:32 . Memory (MB): peak = 1214.402 ; gain = 107.480
---------------------------------------------------------------------------------
---------------------------------------------------------------------------------
Start Renaming Generated Instances
---------------------------------------------------------------------------------
---------------------------------------------------------------------------------
Finished Renaming Generated Instances : Time (s): cpu = 00:00:30 ; elapsed = 00:00:32 . Memory (MB): peak = 1214.402 ; gain = 107.480
---------------------------------------------------------------------------------
---------------------------------------------------------------------------------
Start Rebuilding User Hierarchy
---------------------------------------------------------------------------------
---------------------------------------------------------------------------------
Finished Rebuilding User Hierarchy : Time (s): cpu = 00:00:30 ; elapsed = 00:00:32 . Memory (MB): peak = 1214.402 ; gain = 107.480
---------------------------------------------------------------------------------
---------------------------------------------------------------------------------
Start Renaming Generated Ports
---------------------------------------------------------------------------------
---------------------------------------------------------------------------------
Finished Renaming Generated Ports : Time (s): cpu = 00:00:30 ; elapsed = 00:00:32 . Memory (MB): peak = 1214.402 ; gain = 107.480
---------------------------------------------------------------------------------
---------------------------------------------------------------------------------
Start Handling Custom Attributes
---------------------------------------------------------------------------------
---------------------------------------------------------------------------------
Finished Handling Custom Attributes : Time (s): cpu = 00:00:30 ; elapsed = 00:00:32 . Memory (MB): peak = 1214.402 ; gain = 107.480
---------------------------------------------------------------------------------
---------------------------------------------------------------------------------
Start Renaming Generated Nets
---------------------------------------------------------------------------------
---------------------------------------------------------------------------------
Finished Renaming Generated Nets : Time (s): cpu = 00:00:30 ; elapsed = 00:00:32 . Memory (MB): peak = 1214.402 ; gain = 107.480
---------------------------------------------------------------------------------
---------------------------------------------------------------------------------
Start Writing Synthesis Report
---------------------------------------------------------------------------------

Report BlackBoxes: 
+-+--------------+----------+
| |BlackBox name |Instances |
+-+--------------+----------+
+-+--------------+----------+

Report Cell Usage: 
+------+-------+------+
|      |Cell   |Count |
+------+-------+------+
|1     |BUFG   |     1|
|2     |CARRY4 |    30|
|3     |LUT1   |     6|
|4     |LUT2   |    71|
|5     |LUT3   |    36|
|6     |LUT4   |    47|
|7     |LUT5   |    25|
|8     |LUT6   |    70|
|9     |FDCE   |    41|
|10    |IBUF   |     2|
|11    |OBUF   |    12|
+------+-------+------+
---------------------------------------------------------------------------------
Finished Writing Synthesis Report : Time (s): cpu = 00:00:30 ; elapsed = 00:00:32 . Memory (MB): peak = 1214.402 ; gain = 107.480
---------------------------------------------------------------------------------
Synthesis finished with 0 errors, 0 critical warnings and 0 warnings.
Synthesis Optimization Runtime : Time (s): cpu = 00:00:22 ; elapsed = 00:00:29 . Memory (MB): peak = 1214.402 ; gain = 59.324
Synthesis Optimization Complete : Time (s): cpu = 00:00:30 ; elapsed = 00:00:32 . Memory (MB): peak = 1214.402 ; gain = 107.480
INFO: [Project 1-571] Translating synthesized netlist
Netlist sorting complete. Time (s): cpu = 00:00:00 ; elapsed = 00:00:00.005 . Memory (MB): peak = 1226.445 ; gain = 0.000
INFO: [Netlist 29-17] Analyzing 30 Unisim elements for replacement
INFO: [Netlist 29-28] Unisim Transformation completed in 0 CPU seconds
INFO: [Project 1-570] Preparing netlist for logic optimization
INFO: [Opt 31-138] Pushed 0 inverter(s) to 0 load pin(s).
Netlist sorting complete. Time (s): cpu = 00:00:00 ; elapsed = 00:00:00 . Memory (MB): peak = 1226.445 ; gain = 0.000
INFO: [Project 1-111] Unisim Transformation Summary:
No Unisim elements were transformed.

INFO: [Common 17-83] Releasing license: Synthesis
33 Infos, 0 Warnings, 0 Critical Warnings and 0 Errors encountered.
synth_design completed successfully
synth_design: Time (s): cpu = 00:00:34 ; elapsed = 00:00:36 . Memory (MB): peak = 1226.445 ; gain = 119.523
INFO: [Common 17-1381] The checkpoint 'C:/FPGA_Harman/20250304_HW/20250304_HW.runs/synth_1/fnd_controller.dcp' has been generated.
INFO: [runtcl-4] Executing : report_utilization -file fnd_controller_utilization_synth.rpt -pb fnd_controller_utilization_synth.pb
INFO: [Common 17-206] Exiting Vivado at Wed Mar  5 09:19:20 2025...
