
*** Running vivado
    with args -log Top_Upcounter.vds -m64 -product Vivado -mode batch -messageDb vivado.pb -notrace -source Top_Upcounter.tcl



****** Vivado v2020.2 (64-bit)
  **** SW Build 3064766 on Wed Nov 18 09:12:45 MST 2020
  **** IP Build 3064653 on Wed Nov 18 14:17:31 MST 2020
    ** Copyright 1986-2020 Xilinx, Inc. All Rights Reserved.

source Top_Upcounter.tcl -notrace
Command: synth_design -top Top_Upcounter -part xc7a35tcpg236-1
Starting synth_design
Attempting to get a license for feature 'Synthesis' and/or device 'xc7a35t'
INFO: [Common 17-349] Got license for feature 'Synthesis' and/or device 'xc7a35t'
INFO: [Device 21-403] Loading part xc7a35tcpg236-1
INFO: [Synth 8-7079] Multithreading enabled for synth_design using a maximum of 2 processes.
INFO: [Synth 8-7078] Launching helper process for spawning children vivado processes
INFO: [Synth 8-7075] Helper process launched with PID 4748
---------------------------------------------------------------------------------
Starting RTL Elaboration : Time (s): cpu = 00:00:03 ; elapsed = 00:00:03 . Memory (MB): peak = 1107.539 ; gain = 0.000
---------------------------------------------------------------------------------
INFO: [Synth 8-6157] synthesizing module 'Top_Upcounter' [C:/FPGA_Harman/20250307_10000_fsm/20250307_10000_fsm.srcs/sources_1/imports/new/counter_10000.v:3]
INFO: [Synth 8-6157] synthesizing module 'tick_100hz' [C:/FPGA_Harman/20250307_10000_fsm/20250307_10000_fsm.srcs/sources_1/imports/new/counter_10000.v:53]
INFO: [Synth 8-6155] done synthesizing module 'tick_100hz' (1#1) [C:/FPGA_Harman/20250307_10000_fsm/20250307_10000_fsm.srcs/sources_1/imports/new/counter_10000.v:53]
INFO: [Synth 8-6157] synthesizing module 'counter_tick' [C:/FPGA_Harman/20250307_10000_fsm/20250307_10000_fsm.srcs/sources_1/imports/new/counter_10000.v:104]
INFO: [Synth 8-6155] done synthesizing module 'counter_tick' (2#1) [C:/FPGA_Harman/20250307_10000_fsm/20250307_10000_fsm.srcs/sources_1/imports/new/counter_10000.v:104]
INFO: [Synth 8-6157] synthesizing module 'fnd_controller' [C:/FPGA_Harman/20250307_10000_fsm/20250307_10000_fsm.srcs/sources_1/imports/sources_1/imports/sources_1/imports/new/fnd_controller.v:3]
INFO: [Synth 8-6157] synthesizing module 'clk_divider' [C:/FPGA_Harman/20250307_10000_fsm/20250307_10000_fsm.srcs/sources_1/imports/sources_1/imports/sources_1/imports/new/fnd_controller.v:123]
	Parameter FCOUNT bound to: 500000 - type: integer 
INFO: [Synth 8-6155] done synthesizing module 'clk_divider' (3#1) [C:/FPGA_Harman/20250307_10000_fsm/20250307_10000_fsm.srcs/sources_1/imports/sources_1/imports/sources_1/imports/new/fnd_controller.v:123]
INFO: [Synth 8-6157] synthesizing module 'counter_4' [C:/FPGA_Harman/20250307_10000_fsm/20250307_10000_fsm.srcs/sources_1/imports/sources_1/imports/sources_1/imports/new/fnd_controller.v:150]
INFO: [Synth 8-6155] done synthesizing module 'counter_4' (4#1) [C:/FPGA_Harman/20250307_10000_fsm/20250307_10000_fsm.srcs/sources_1/imports/sources_1/imports/sources_1/imports/new/fnd_controller.v:150]
INFO: [Synth 8-6157] synthesizing module 'decoder_2x4' [C:/FPGA_Harman/20250307_10000_fsm/20250307_10000_fsm.srcs/sources_1/imports/sources_1/imports/sources_1/imports/new/fnd_controller.v:168]
INFO: [Synth 8-226] default block is never used [C:/FPGA_Harman/20250307_10000_fsm/20250307_10000_fsm.srcs/sources_1/imports/sources_1/imports/sources_1/imports/new/fnd_controller.v:175]
INFO: [Synth 8-6155] done synthesizing module 'decoder_2x4' (5#1) [C:/FPGA_Harman/20250307_10000_fsm/20250307_10000_fsm.srcs/sources_1/imports/sources_1/imports/sources_1/imports/new/fnd_controller.v:168]
INFO: [Synth 8-6157] synthesizing module 'digit_splitter' [C:/FPGA_Harman/20250307_10000_fsm/20250307_10000_fsm.srcs/sources_1/imports/sources_1/imports/sources_1/imports/new/fnd_controller.v:90]
INFO: [Synth 8-6155] done synthesizing module 'digit_splitter' (6#1) [C:/FPGA_Harman/20250307_10000_fsm/20250307_10000_fsm.srcs/sources_1/imports/sources_1/imports/sources_1/imports/new/fnd_controller.v:90]
INFO: [Synth 8-6157] synthesizing module 'mux_4x1' [C:/FPGA_Harman/20250307_10000_fsm/20250307_10000_fsm.srcs/sources_1/imports/sources_1/imports/sources_1/imports/new/fnd_controller.v:102]
INFO: [Synth 8-226] default block is never used [C:/FPGA_Harman/20250307_10000_fsm/20250307_10000_fsm.srcs/sources_1/imports/sources_1/imports/sources_1/imports/new/fnd_controller.v:112]
INFO: [Synth 8-6155] done synthesizing module 'mux_4x1' (7#1) [C:/FPGA_Harman/20250307_10000_fsm/20250307_10000_fsm.srcs/sources_1/imports/sources_1/imports/sources_1/imports/new/fnd_controller.v:102]
INFO: [Synth 8-6157] synthesizing module 'bcdtoseg' [C:/FPGA_Harman/20250307_10000_fsm/20250307_10000_fsm.srcs/sources_1/imports/sources_1/imports/sources_1/imports/new/fnd_controller.v:61]
INFO: [Synth 8-6155] done synthesizing module 'bcdtoseg' (8#1) [C:/FPGA_Harman/20250307_10000_fsm/20250307_10000_fsm.srcs/sources_1/imports/sources_1/imports/sources_1/imports/new/fnd_controller.v:61]
INFO: [Synth 8-6155] done synthesizing module 'fnd_controller' (9#1) [C:/FPGA_Harman/20250307_10000_fsm/20250307_10000_fsm.srcs/sources_1/imports/sources_1/imports/sources_1/imports/new/fnd_controller.v:3]
WARNING: [Synth 8-7071] port 'sw' of module 'fnd_controller' is unconnected for instance 'U_fnd_cntl' [C:/FPGA_Harman/20250307_10000_fsm/20250307_10000_fsm.srcs/sources_1/imports/new/counter_10000.v:34]
WARNING: [Synth 8-7023] instance 'U_fnd_cntl' of module 'fnd_controller' has 6 connections declared, but only 5 given [C:/FPGA_Harman/20250307_10000_fsm/20250307_10000_fsm.srcs/sources_1/imports/new/counter_10000.v:34]
INFO: [Synth 8-6157] synthesizing module 'control_unit' [C:/FPGA_Harman/20250307_10000_fsm/20250307_10000_fsm.srcs/sources_1/imports/sources_1/new/control_unit.v:3]
	Parameter STOP bound to: 3'b000 
	Parameter RUN bound to: 3'b001 
	Parameter CLEAR bound to: 3'b010 
INFO: [Synth 8-6155] done synthesizing module 'control_unit' (10#1) [C:/FPGA_Harman/20250307_10000_fsm/20250307_10000_fsm.srcs/sources_1/imports/sources_1/new/control_unit.v:3]
INFO: [Synth 8-6155] done synthesizing module 'Top_Upcounter' (11#1) [C:/FPGA_Harman/20250307_10000_fsm/20250307_10000_fsm.srcs/sources_1/imports/new/counter_10000.v:3]
---------------------------------------------------------------------------------
Finished RTL Elaboration : Time (s): cpu = 00:00:03 ; elapsed = 00:00:04 . Memory (MB): peak = 1107.539 ; gain = 0.000
---------------------------------------------------------------------------------
---------------------------------------------------------------------------------
Start Handling Custom Attributes
---------------------------------------------------------------------------------
---------------------------------------------------------------------------------
Finished Handling Custom Attributes : Time (s): cpu = 00:00:04 ; elapsed = 00:00:04 . Memory (MB): peak = 1107.539 ; gain = 0.000
---------------------------------------------------------------------------------
---------------------------------------------------------------------------------
Finished RTL Optimization Phase 1 : Time (s): cpu = 00:00:04 ; elapsed = 00:00:04 . Memory (MB): peak = 1107.539 ; gain = 0.000
---------------------------------------------------------------------------------
Netlist sorting complete. Time (s): cpu = 00:00:00 ; elapsed = 00:00:00.001 . Memory (MB): peak = 1107.539 ; gain = 0.000
INFO: [Project 1-570] Preparing netlist for logic optimization

Processing XDC Constraints
Initializing timing engine
Parsing XDC File [C:/FPGA_Harman/20250307_10000_fsm/20250307_10000_fsm.srcs/constrs_1/imports/FPGA_Harman/Basys-3-Master.xdc]
WARNING: [Vivado 12-584] No ports matched 'led[0]'. [C:/FPGA_Harman/20250307_10000_fsm/20250307_10000_fsm.srcs/constrs_1/imports/FPGA_Harman/Basys-3-Master.xdc:31]
CRITICAL WARNING: [Common 17-55] 'set_property' expects at least one object. [C:/FPGA_Harman/20250307_10000_fsm/20250307_10000_fsm.srcs/constrs_1/imports/FPGA_Harman/Basys-3-Master.xdc:31]
Resolution: If [get_<value>] was used to populate the object, check to make sure this command returns at least one valid object.
WARNING: [Vivado 12-584] No ports matched 'led[1]'. [C:/FPGA_Harman/20250307_10000_fsm/20250307_10000_fsm.srcs/constrs_1/imports/FPGA_Harman/Basys-3-Master.xdc:32]
CRITICAL WARNING: [Common 17-55] 'set_property' expects at least one object. [C:/FPGA_Harman/20250307_10000_fsm/20250307_10000_fsm.srcs/constrs_1/imports/FPGA_Harman/Basys-3-Master.xdc:32]
Resolution: If [get_<value>] was used to populate the object, check to make sure this command returns at least one valid object.
WARNING: [Vivado 12-584] No ports matched 'led[2]'. [C:/FPGA_Harman/20250307_10000_fsm/20250307_10000_fsm.srcs/constrs_1/imports/FPGA_Harman/Basys-3-Master.xdc:33]
CRITICAL WARNING: [Common 17-55] 'set_property' expects at least one object. [C:/FPGA_Harman/20250307_10000_fsm/20250307_10000_fsm.srcs/constrs_1/imports/FPGA_Harman/Basys-3-Master.xdc:33]
Resolution: If [get_<value>] was used to populate the object, check to make sure this command returns at least one valid object.
Finished Parsing XDC File [C:/FPGA_Harman/20250307_10000_fsm/20250307_10000_fsm.srcs/constrs_1/imports/FPGA_Harman/Basys-3-Master.xdc]
INFO: [Project 1-236] Implementation specific constraints were found while reading constraint file [C:/FPGA_Harman/20250307_10000_fsm/20250307_10000_fsm.srcs/constrs_1/imports/FPGA_Harman/Basys-3-Master.xdc]. These constraints will be ignored for synthesis but will be used in implementation. Impacted constraints are listed in the file [.Xil/Top_Upcounter_propImpl.xdc].
Resolution: To avoid this warning, move constraints listed in [.Xil/Top_Upcounter_propImpl.xdc] to another XDC file and exclude this new file from synthesis with the used_in_synthesis property (File Properties dialog in GUI) and re-run elaboration/synthesis.
Completed Processing XDC Constraints

Netlist sorting complete. Time (s): cpu = 00:00:00 ; elapsed = 00:00:00 . Memory (MB): peak = 1165.879 ; gain = 0.000
INFO: [Project 1-111] Unisim Transformation Summary:
No Unisim elements were transformed.

Constraint Validation Runtime : Time (s): cpu = 00:00:00 ; elapsed = 00:00:00.001 . Memory (MB): peak = 1165.879 ; gain = 0.000
---------------------------------------------------------------------------------
Finished Constraint Validation : Time (s): cpu = 00:00:07 ; elapsed = 00:00:08 . Memory (MB): peak = 1165.879 ; gain = 58.340
---------------------------------------------------------------------------------
---------------------------------------------------------------------------------
Start Loading Part and Timing Information
---------------------------------------------------------------------------------
Loading part: xc7a35tcpg236-1
---------------------------------------------------------------------------------
Finished Loading Part and Timing Information : Time (s): cpu = 00:00:07 ; elapsed = 00:00:08 . Memory (MB): peak = 1165.879 ; gain = 58.340
---------------------------------------------------------------------------------
---------------------------------------------------------------------------------
Start Applying 'set_property' XDC Constraints
---------------------------------------------------------------------------------
---------------------------------------------------------------------------------
Finished applying 'set_property' XDC Constraints : Time (s): cpu = 00:00:07 ; elapsed = 00:00:08 . Memory (MB): peak = 1165.879 ; gain = 58.340
---------------------------------------------------------------------------------
INFO: [Synth 8-802] inferred FSM for state register 'state_reg' in module 'control_unit'
---------------------------------------------------------------------------------------------------
                   State |                     New Encoding |                Previous Encoding 
---------------------------------------------------------------------------------------------------
                    STOP |                              001 |                              000
                     RUN |                              010 |                              001
                   CLEAR |                              100 |                              010
---------------------------------------------------------------------------------------------------
INFO: [Synth 8-3354] encoded FSM with state register 'state_reg' using encoding 'one-hot' in module 'control_unit'
---------------------------------------------------------------------------------
Finished RTL Optimization Phase 2 : Time (s): cpu = 00:00:08 ; elapsed = 00:00:08 . Memory (MB): peak = 1165.879 ; gain = 58.340
---------------------------------------------------------------------------------
---------------------------------------------------------------------------------
Start RTL Component Statistics 
---------------------------------------------------------------------------------
Detailed RTL Component Info : 
+---Adders : 
	   2 Input   20 Bit       Adders := 1     
	   2 Input   19 Bit       Adders := 1     
	   2 Input   14 Bit       Adders := 1     
	   2 Input    2 Bit       Adders := 1     
+---Registers : 
	               20 Bit    Registers := 1     
	               19 Bit    Registers := 1     
	               14 Bit    Registers := 1     
	                2 Bit    Registers := 1     
	                1 Bit    Registers := 2     
+---Muxes : 
	   2 Input   20 Bit        Muxes := 1     
	   2 Input   19 Bit        Muxes := 1     
	   2 Input   14 Bit        Muxes := 2     
	   2 Input    8 Bit        Muxes := 1     
	   4 Input    4 Bit        Muxes := 2     
	   3 Input    3 Bit        Muxes := 1     
	   2 Input    3 Bit        Muxes := 4     
	   2 Input    1 Bit        Muxes := 1     
	   3 Input    1 Bit        Muxes := 1     
---------------------------------------------------------------------------------
Finished RTL Component Statistics 
---------------------------------------------------------------------------------
---------------------------------------------------------------------------------
Start Part Resource Summary
---------------------------------------------------------------------------------
Part Resources:
DSPs: 90 (col length:60)
BRAMs: 100 (col length: RAMB18 60 RAMB36 30)
---------------------------------------------------------------------------------
Finished Part Resource Summary
---------------------------------------------------------------------------------
---------------------------------------------------------------------------------
Start Cross Boundary and Area Optimization
---------------------------------------------------------------------------------
---------------------------------------------------------------------------------
Finished Cross Boundary and Area Optimization : Time (s): cpu = 00:00:13 ; elapsed = 00:00:13 . Memory (MB): peak = 1165.879 ; gain = 58.340
---------------------------------------------------------------------------------
---------------------------------------------------------------------------------
Start Applying XDC Timing Constraints
---------------------------------------------------------------------------------
---------------------------------------------------------------------------------
Finished Applying XDC Timing Constraints : Time (s): cpu = 00:00:17 ; elapsed = 00:00:18 . Memory (MB): peak = 1165.879 ; gain = 58.340
---------------------------------------------------------------------------------
---------------------------------------------------------------------------------
Start Timing Optimization
---------------------------------------------------------------------------------
---------------------------------------------------------------------------------
Finished Timing Optimization : Time (s): cpu = 00:00:17 ; elapsed = 00:00:18 . Memory (MB): peak = 1183.754 ; gain = 76.215
---------------------------------------------------------------------------------
---------------------------------------------------------------------------------
Start Technology Mapping
---------------------------------------------------------------------------------
---------------------------------------------------------------------------------
Finished Technology Mapping : Time (s): cpu = 00:00:17 ; elapsed = 00:00:18 . Memory (MB): peak = 1198.359 ; gain = 90.820
---------------------------------------------------------------------------------
---------------------------------------------------------------------------------
Start IO Insertion
---------------------------------------------------------------------------------
---------------------------------------------------------------------------------
Start Flattening Before IO Insertion
---------------------------------------------------------------------------------
---------------------------------------------------------------------------------
Finished Flattening Before IO Insertion
---------------------------------------------------------------------------------
---------------------------------------------------------------------------------
Start Final Netlist Cleanup
---------------------------------------------------------------------------------
---------------------------------------------------------------------------------
Finished Final Netlist Cleanup
---------------------------------------------------------------------------------
---------------------------------------------------------------------------------
Finished IO Insertion : Time (s): cpu = 00:00:19 ; elapsed = 00:00:20 . Memory (MB): peak = 1214.141 ; gain = 106.602
---------------------------------------------------------------------------------
---------------------------------------------------------------------------------
Start Renaming Generated Instances
---------------------------------------------------------------------------------
---------------------------------------------------------------------------------
Finished Renaming Generated Instances : Time (s): cpu = 00:00:19 ; elapsed = 00:00:20 . Memory (MB): peak = 1214.141 ; gain = 106.602
---------------------------------------------------------------------------------
---------------------------------------------------------------------------------
Start Rebuilding User Hierarchy
---------------------------------------------------------------------------------
---------------------------------------------------------------------------------
Finished Rebuilding User Hierarchy : Time (s): cpu = 00:00:19 ; elapsed = 00:00:20 . Memory (MB): peak = 1214.141 ; gain = 106.602
---------------------------------------------------------------------------------
---------------------------------------------------------------------------------
Start Renaming Generated Ports
---------------------------------------------------------------------------------
---------------------------------------------------------------------------------
Finished Renaming Generated Ports : Time (s): cpu = 00:00:19 ; elapsed = 00:00:20 . Memory (MB): peak = 1214.141 ; gain = 106.602
---------------------------------------------------------------------------------
---------------------------------------------------------------------------------
Start Handling Custom Attributes
---------------------------------------------------------------------------------
---------------------------------------------------------------------------------
Finished Handling Custom Attributes : Time (s): cpu = 00:00:19 ; elapsed = 00:00:20 . Memory (MB): peak = 1214.141 ; gain = 106.602
---------------------------------------------------------------------------------
---------------------------------------------------------------------------------
Start Renaming Generated Nets
---------------------------------------------------------------------------------
---------------------------------------------------------------------------------
Finished Renaming Generated Nets : Time (s): cpu = 00:00:19 ; elapsed = 00:00:20 . Memory (MB): peak = 1214.141 ; gain = 106.602
---------------------------------------------------------------------------------
---------------------------------------------------------------------------------
Start Writing Synthesis Report
---------------------------------------------------------------------------------

Report BlackBoxes: 
+-+--------------+----------+
| |BlackBox name |Instances |
+-+--------------+----------+
+-+--------------+----------+

Report Cell Usage: 
+------+-------+------+
|      |Cell   |Count |
+------+-------+------+
|1     |BUFG   |     1|
|2     |CARRY4 |    34|
|3     |LUT1   |     6|
|4     |LUT2   |    99|
|5     |LUT3   |    38|
|6     |LUT4   |    53|
|7     |LUT5   |    28|
|8     |LUT6   |    70|
|9     |FDCE   |    58|
|10    |FDPE   |     1|
|11    |FDRE   |     1|
|12    |IBUF   |     4|
|13    |OBUF   |    12|
+------+-------+------+
---------------------------------------------------------------------------------
Finished Writing Synthesis Report : Time (s): cpu = 00:00:19 ; elapsed = 00:00:20 . Memory (MB): peak = 1214.141 ; gain = 106.602
---------------------------------------------------------------------------------
Synthesis finished with 0 errors, 0 critical warnings and 0 warnings.
Synthesis Optimization Runtime : Time (s): cpu = 00:00:15 ; elapsed = 00:00:19 . Memory (MB): peak = 1214.141 ; gain = 48.262
Synthesis Optimization Complete : Time (s): cpu = 00:00:20 ; elapsed = 00:00:20 . Memory (MB): peak = 1214.141 ; gain = 106.602
INFO: [Project 1-571] Translating synthesized netlist
Netlist sorting complete. Time (s): cpu = 00:00:00 ; elapsed = 00:00:00.006 . Memory (MB): peak = 1226.223 ; gain = 0.000
INFO: [Netlist 29-17] Analyzing 34 Unisim elements for replacement
INFO: [Netlist 29-28] Unisim Transformation completed in 0 CPU seconds
INFO: [Project 1-570] Preparing netlist for logic optimization
INFO: [Opt 31-138] Pushed 0 inverter(s) to 0 load pin(s).
Netlist sorting complete. Time (s): cpu = 00:00:00 ; elapsed = 00:00:00 . Memory (MB): peak = 1226.223 ; gain = 0.000
INFO: [Project 1-111] Unisim Transformation Summary:
No Unisim elements were transformed.

INFO: [Common 17-83] Releasing license: Synthesis
41 Infos, 5 Warnings, 3 Critical Warnings and 0 Errors encountered.
synth_design completed successfully
synth_design: Time (s): cpu = 00:00:23 ; elapsed = 00:00:25 . Memory (MB): peak = 1226.223 ; gain = 118.684
INFO: [runtcl-6] Synthesis results are not added to the cache due to CRITICAL_WARNING
INFO: [Common 17-1381] The checkpoint 'C:/FPGA_Harman/20250307_10000_fsm/20250307_10000_fsm.runs/synth_1/Top_Upcounter.dcp' has been generated.
INFO: [runtcl-4] Executing : report_utilization -file Top_Upcounter_utilization_synth.rpt -pb Top_Upcounter_utilization_synth.pb
INFO: [Common 17-206] Exiting Vivado at Fri Mar  7 11:38:52 2025...
