
*** Running vivado
    with args -log fsm_exam.vds -m64 -product Vivado -mode batch -messageDb vivado.pb -notrace -source fsm_exam.tcl



****** Vivado v2020.2 (64-bit)
  **** SW Build 3064766 on Wed Nov 18 09:12:45 MST 2020
  **** IP Build 3064653 on Wed Nov 18 14:17:31 MST 2020
    ** Copyright 1986-2020 Xilinx, Inc. All Rights Reserved.

source fsm_exam.tcl -notrace
Command: synth_design -top fsm_exam -part xc7a35tcpg236-1
Starting synth_design
Attempting to get a license for feature 'Synthesis' and/or device 'xc7a35t'
INFO: [Common 17-349] Got license for feature 'Synthesis' and/or device 'xc7a35t'
INFO: [Device 21-403] Loading part xc7a35tcpg236-1
INFO: [Synth 8-7079] Multithreading enabled for synth_design using a maximum of 2 processes.
INFO: [Synth 8-7078] Launching helper process for spawning children vivado processes
INFO: [Synth 8-7075] Helper process launched with PID 3124
---------------------------------------------------------------------------------
Starting RTL Elaboration : Time (s): cpu = 00:00:03 ; elapsed = 00:00:03 . Memory (MB): peak = 1105.043 ; gain = 0.000
---------------------------------------------------------------------------------
INFO: [Synth 8-6157] synthesizing module 'fsm_exam' [C:/FPGA_Harman/20250305_fsm_exam/20250305_fsm_exam.srcs/sources_1/new/fsm_exam.v:3]
	Parameter IDLE bound to: 3'b000 
	Parameter ST1 bound to: 3'b001 
	Parameter ST2 bound to: 3'b010 
	Parameter ST3 bound to: 3'b100 
	Parameter ST4 bound to: 3'b111 
WARNING: [Synth 8-6090] variable 'next' is written by both blocking and non-blocking assignments, entire logic could be removed [C:/FPGA_Harman/20250305_fsm_exam/20250305_fsm_exam.srcs/sources_1/new/fsm_exam.v:29]
WARNING: [Synth 8-6090] variable 'next' is written by both blocking and non-blocking assignments, entire logic could be removed [C:/FPGA_Harman/20250305_fsm_exam/20250305_fsm_exam.srcs/sources_1/new/fsm_exam.v:31]
WARNING: [Synth 8-6090] variable 'next' is written by both blocking and non-blocking assignments, entire logic could be removed [C:/FPGA_Harman/20250305_fsm_exam/20250305_fsm_exam.srcs/sources_1/new/fsm_exam.v:33]
WARNING: [Synth 8-6090] variable 'next' is written by both blocking and non-blocking assignments, entire logic could be removed [C:/FPGA_Harman/20250305_fsm_exam/20250305_fsm_exam.srcs/sources_1/new/fsm_exam.v:37]
WARNING: [Synth 8-6090] variable 'next' is written by both blocking and non-blocking assignments, entire logic could be removed [C:/FPGA_Harman/20250305_fsm_exam/20250305_fsm_exam.srcs/sources_1/new/fsm_exam.v:41]
WARNING: [Synth 8-6090] variable 'next' is written by both blocking and non-blocking assignments, entire logic could be removed [C:/FPGA_Harman/20250305_fsm_exam/20250305_fsm_exam.srcs/sources_1/new/fsm_exam.v:45]
WARNING: [Synth 8-6090] variable 'next' is written by both blocking and non-blocking assignments, entire logic could be removed [C:/FPGA_Harman/20250305_fsm_exam/20250305_fsm_exam.srcs/sources_1/new/fsm_exam.v:47]
WARNING: [Synth 8-6090] variable 'next' is written by both blocking and non-blocking assignments, entire logic could be removed [C:/FPGA_Harman/20250305_fsm_exam/20250305_fsm_exam.srcs/sources_1/new/fsm_exam.v:49]
WARNING: [Synth 8-6090] variable 'next' is written by both blocking and non-blocking assignments, entire logic could be removed [C:/FPGA_Harman/20250305_fsm_exam/20250305_fsm_exam.srcs/sources_1/new/fsm_exam.v:51]
WARNING: [Synth 8-6090] variable 'next' is written by both blocking and non-blocking assignments, entire logic could be removed [C:/FPGA_Harman/20250305_fsm_exam/20250305_fsm_exam.srcs/sources_1/new/fsm_exam.v:55]
INFO: [Synth 8-6155] done synthesizing module 'fsm_exam' (1#1) [C:/FPGA_Harman/20250305_fsm_exam/20250305_fsm_exam.srcs/sources_1/new/fsm_exam.v:3]
---------------------------------------------------------------------------------
Finished RTL Elaboration : Time (s): cpu = 00:00:04 ; elapsed = 00:00:04 . Memory (MB): peak = 1105.043 ; gain = 0.000
---------------------------------------------------------------------------------
---------------------------------------------------------------------------------
Start Handling Custom Attributes
---------------------------------------------------------------------------------
---------------------------------------------------------------------------------
Finished Handling Custom Attributes : Time (s): cpu = 00:00:04 ; elapsed = 00:00:04 . Memory (MB): peak = 1105.043 ; gain = 0.000
---------------------------------------------------------------------------------
---------------------------------------------------------------------------------
Finished RTL Optimization Phase 1 : Time (s): cpu = 00:00:04 ; elapsed = 00:00:04 . Memory (MB): peak = 1105.043 ; gain = 0.000
---------------------------------------------------------------------------------
Netlist sorting complete. Time (s): cpu = 00:00:00 ; elapsed = 00:00:00.001 . Memory (MB): peak = 1105.043 ; gain = 0.000
INFO: [Project 1-570] Preparing netlist for logic optimization

Processing XDC Constraints
Initializing timing engine
Parsing XDC File [C:/FPGA_Harman/20250305_fsm_exam/20250305_fsm_exam.srcs/constrs_1/imports/FPGA_Harman/Basys-3-Master.xdc]
Finished Parsing XDC File [C:/FPGA_Harman/20250305_fsm_exam/20250305_fsm_exam.srcs/constrs_1/imports/FPGA_Harman/Basys-3-Master.xdc]
INFO: [Project 1-236] Implementation specific constraints were found while reading constraint file [C:/FPGA_Harman/20250305_fsm_exam/20250305_fsm_exam.srcs/constrs_1/imports/FPGA_Harman/Basys-3-Master.xdc]. These constraints will be ignored for synthesis but will be used in implementation. Impacted constraints are listed in the file [.Xil/fsm_exam_propImpl.xdc].
Resolution: To avoid this warning, move constraints listed in [.Xil/fsm_exam_propImpl.xdc] to another XDC file and exclude this new file from synthesis with the used_in_synthesis property (File Properties dialog in GUI) and re-run elaboration/synthesis.
Completed Processing XDC Constraints

Netlist sorting complete. Time (s): cpu = 00:00:00 ; elapsed = 00:00:00 . Memory (MB): peak = 1142.840 ; gain = 0.000
INFO: [Project 1-111] Unisim Transformation Summary:
No Unisim elements were transformed.

Constraint Validation Runtime : Time (s): cpu = 00:00:00 ; elapsed = 00:00:00.002 . Memory (MB): peak = 1142.840 ; gain = 0.000
---------------------------------------------------------------------------------
Finished Constraint Validation : Time (s): cpu = 00:00:12 ; elapsed = 00:00:12 . Memory (MB): peak = 1142.840 ; gain = 37.797
---------------------------------------------------------------------------------
---------------------------------------------------------------------------------
Start Loading Part and Timing Information
---------------------------------------------------------------------------------
Loading part: xc7a35tcpg236-1
---------------------------------------------------------------------------------
Finished Loading Part and Timing Information : Time (s): cpu = 00:00:12 ; elapsed = 00:00:12 . Memory (MB): peak = 1142.840 ; gain = 37.797
---------------------------------------------------------------------------------
---------------------------------------------------------------------------------
Start Applying 'set_property' XDC Constraints
---------------------------------------------------------------------------------
---------------------------------------------------------------------------------
Finished applying 'set_property' XDC Constraints : Time (s): cpu = 00:00:12 ; elapsed = 00:00:12 . Memory (MB): peak = 1142.840 ; gain = 37.797
---------------------------------------------------------------------------------
---------------------------------------------------------------------------------
Finished RTL Optimization Phase 2 : Time (s): cpu = 00:00:12 ; elapsed = 00:00:12 . Memory (MB): peak = 1142.840 ; gain = 37.797
---------------------------------------------------------------------------------
---------------------------------------------------------------------------------
Start RTL Component Statistics 
---------------------------------------------------------------------------------
Detailed RTL Component Info : 
+---Registers : 
	                3 Bit    Registers := 1     
+---Muxes : 
	   9 Input    3 Bit        Muxes := 1     
	   6 Input    3 Bit        Muxes := 1     
	   2 Input    2 Bit        Muxes := 1     
	   2 Input    1 Bit        Muxes := 2     
	   7 Input    1 Bit        Muxes := 1     
---------------------------------------------------------------------------------
Finished RTL Component Statistics 
---------------------------------------------------------------------------------
---------------------------------------------------------------------------------
Start Part Resource Summary
---------------------------------------------------------------------------------
Part Resources:
DSPs: 90 (col length:60)
BRAMs: 100 (col length: RAMB18 60 RAMB36 30)
---------------------------------------------------------------------------------
Finished Part Resource Summary
---------------------------------------------------------------------------------
---------------------------------------------------------------------------------
Start Cross Boundary and Area Optimization
---------------------------------------------------------------------------------
---------------------------------------------------------------------------------
Finished Cross Boundary and Area Optimization : Time (s): cpu = 00:00:13 ; elapsed = 00:00:13 . Memory (MB): peak = 1142.840 ; gain = 37.797
---------------------------------------------------------------------------------
---------------------------------------------------------------------------------
Start Applying XDC Timing Constraints
---------------------------------------------------------------------------------
---------------------------------------------------------------------------------
Finished Applying XDC Timing Constraints : Time (s): cpu = 00:00:19 ; elapsed = 00:00:20 . Memory (MB): peak = 1151.180 ; gain = 46.137
---------------------------------------------------------------------------------
---------------------------------------------------------------------------------
Start Timing Optimization
---------------------------------------------------------------------------------
---------------------------------------------------------------------------------
Finished Timing Optimization : Time (s): cpu = 00:00:19 ; elapsed = 00:00:20 . Memory (MB): peak = 1161.125 ; gain = 56.082
---------------------------------------------------------------------------------
---------------------------------------------------------------------------------
Start Technology Mapping
---------------------------------------------------------------------------------
---------------------------------------------------------------------------------
Finished Technology Mapping : Time (s): cpu = 00:00:19 ; elapsed = 00:00:20 . Memory (MB): peak = 1170.695 ; gain = 65.652
---------------------------------------------------------------------------------
---------------------------------------------------------------------------------
Start IO Insertion
---------------------------------------------------------------------------------
---------------------------------------------------------------------------------
Start Flattening Before IO Insertion
---------------------------------------------------------------------------------
---------------------------------------------------------------------------------
Finished Flattening Before IO Insertion
---------------------------------------------------------------------------------
---------------------------------------------------------------------------------
Start Final Netlist Cleanup
---------------------------------------------------------------------------------
---------------------------------------------------------------------------------
Finished Final Netlist Cleanup
---------------------------------------------------------------------------------
---------------------------------------------------------------------------------
Finished IO Insertion : Time (s): cpu = 00:00:23 ; elapsed = 00:00:23 . Memory (MB): peak = 1177.473 ; gain = 72.430
---------------------------------------------------------------------------------
---------------------------------------------------------------------------------
Start Renaming Generated Instances
---------------------------------------------------------------------------------
---------------------------------------------------------------------------------
Finished Renaming Generated Instances : Time (s): cpu = 00:00:23 ; elapsed = 00:00:23 . Memory (MB): peak = 1177.473 ; gain = 72.430
---------------------------------------------------------------------------------
---------------------------------------------------------------------------------
Start Rebuilding User Hierarchy
---------------------------------------------------------------------------------
---------------------------------------------------------------------------------
Finished Rebuilding User Hierarchy : Time (s): cpu = 00:00:23 ; elapsed = 00:00:23 . Memory (MB): peak = 1177.473 ; gain = 72.430
---------------------------------------------------------------------------------
---------------------------------------------------------------------------------
Start Renaming Generated Ports
---------------------------------------------------------------------------------
---------------------------------------------------------------------------------
Finished Renaming Generated Ports : Time (s): cpu = 00:00:23 ; elapsed = 00:00:23 . Memory (MB): peak = 1177.473 ; gain = 72.430
---------------------------------------------------------------------------------
---------------------------------------------------------------------------------
Start Handling Custom Attributes
---------------------------------------------------------------------------------
---------------------------------------------------------------------------------
Finished Handling Custom Attributes : Time (s): cpu = 00:00:23 ; elapsed = 00:00:23 . Memory (MB): peak = 1177.473 ; gain = 72.430
---------------------------------------------------------------------------------
---------------------------------------------------------------------------------
Start Renaming Generated Nets
---------------------------------------------------------------------------------
---------------------------------------------------------------------------------
Finished Renaming Generated Nets : Time (s): cpu = 00:00:23 ; elapsed = 00:00:23 . Memory (MB): peak = 1177.473 ; gain = 72.430
---------------------------------------------------------------------------------
---------------------------------------------------------------------------------
Start Writing Synthesis Report
---------------------------------------------------------------------------------

Report BlackBoxes: 
+-+--------------+----------+
| |BlackBox name |Instances |
+-+--------------+----------+
+-+--------------+----------+

Report Cell Usage: 
+------+-----+------+
|      |Cell |Count |
+------+-----+------+
|1     |BUFG |     1|
|2     |LUT3 |     3|
|3     |LUT5 |     1|
|4     |LUT6 |     3|
|5     |FDCE |     3|
|6     |IBUF |     5|
|7     |OBUF |     3|
+------+-----+------+
---------------------------------------------------------------------------------
Finished Writing Synthesis Report : Time (s): cpu = 00:00:23 ; elapsed = 00:00:23 . Memory (MB): peak = 1177.473 ; gain = 72.430
---------------------------------------------------------------------------------
Synthesis finished with 0 errors, 0 critical warnings and 0 warnings.
Synthesis Optimization Runtime : Time (s): cpu = 00:00:16 ; elapsed = 00:00:21 . Memory (MB): peak = 1177.473 ; gain = 34.633
Synthesis Optimization Complete : Time (s): cpu = 00:00:23 ; elapsed = 00:00:23 . Memory (MB): peak = 1177.473 ; gain = 72.430
INFO: [Project 1-571] Translating synthesized netlist
Netlist sorting complete. Time (s): cpu = 00:00:00 ; elapsed = 00:00:00 . Memory (MB): peak = 1189.551 ; gain = 0.000
INFO: [Project 1-570] Preparing netlist for logic optimization
INFO: [Opt 31-138] Pushed 0 inverter(s) to 0 load pin(s).
Netlist sorting complete. Time (s): cpu = 00:00:00 ; elapsed = 00:00:00 . Memory (MB): peak = 1192.500 ; gain = 0.000
INFO: [Project 1-111] Unisim Transformation Summary:
No Unisim elements were transformed.

INFO: [Common 17-83] Releasing license: Synthesis
15 Infos, 10 Warnings, 0 Critical Warnings and 0 Errors encountered.
synth_design completed successfully
synth_design: Time (s): cpu = 00:00:27 ; elapsed = 00:00:28 . Memory (MB): peak = 1192.500 ; gain = 87.457
INFO: [Common 17-1381] The checkpoint 'C:/FPGA_Harman/20250305_fsm_exam/20250305_fsm_exam.runs/synth_1/fsm_exam.dcp' has been generated.
INFO: [runtcl-4] Executing : report_utilization -file fsm_exam_utilization_synth.rpt -pb fsm_exam_utilization_synth.pb
INFO: [Common 17-206] Exiting Vivado at Wed Mar  5 16:39:07 2025...
