Copyright 1986-2020 Xilinx, Inc. All Rights Reserved.
-------------------------------------------------------------------------------------
| Tool Version : Vivado v.2020.2 (win64) Build 3064766 Wed Nov 18 09:12:45 MST 2020
| Date         : Fri Mar 28 10:28:28 2025
| Host         : DESKTOP-7CFQ9ND running 64-bit major release  (build 9200)
| Command      : report_control_sets -verbose -file humidity_control_sets_placed.rpt
| Design       : humidity
| Device       : xc7a35t
-------------------------------------------------------------------------------------

Control Set Information

Table of Contents
-----------------
1. Summary
2. Histogram
3. Flip-Flop Distribution
4. Detailed Control Set Information

1. Summary
----------

+----------------------------------------------------------+-------+
|                          Status                          | Count |
+----------------------------------------------------------+-------+
| Total control sets                                       |     6 |
|    Minimum number of control sets                        |     6 |
|    Addition due to synthesis replication                 |     0 |
|    Addition due to physical synthesis replication        |     0 |
| Unused register locations in slices containing registers |    16 |
+----------------------------------------------------------+-------+
* Control sets can be merged at opt_design using control_set_merge or merge_equivalent_drivers
** Run report_qor_suggestions for automated merging and remapping suggestions


2. Histogram
------------

+--------------------+-------+
|       Fanout       | Count |
+--------------------+-------+
| Total control sets |     6 |
| >= 0 to < 4        |     1 |
| >= 4 to < 6        |     0 |
| >= 6 to < 8        |     1 |
| >= 8 to < 10       |     0 |
| >= 10 to < 12      |     1 |
| >= 12 to < 14      |     0 |
| >= 14 to < 16      |     0 |
| >= 16              |     3 |
+--------------------+-------+
* Control sets can be remapped at either synth_design or opt_design


3. Flip-Flop Distribution
-------------------------

+--------------+-----------------------+------------------------+-----------------+--------------+
| Clock Enable | Synchronous Set/Reset | Asynchronous Set/Reset | Total Registers | Total Slices |
+--------------+-----------------------+------------------------+-----------------+--------------+
| No           | No                    | No                     |               0 |            0 |
| No           | No                    | Yes                    |              39 |           14 |
| No           | Yes                   | No                     |               0 |            0 |
| Yes          | No                    | No                     |               0 |            0 |
| Yes          | No                    | Yes                    |              73 |           23 |
| Yes          | Yes                   | No                     |               0 |            0 |
+--------------+-----------------------+------------------------+-----------------+--------------+


4. Detailed Control Set Information
-----------------------------------

+--------------------------+---------------------------------------------------+------------------+------------------+----------------+--------------+
|       Clock Signal       |                   Enable Signal                   | Set/Reset Signal | Slice Load Count | Bel Load Count | Bels / Slice |
+--------------------------+---------------------------------------------------+------------------+------------------+----------------+--------------+
|  U_FND/U_Clk_Divider/CLK |                                                   | rst_IBUF         |                1 |              3 |         3.00 |
|  clk_IBUF_BUFG           | U_DHT11/U_Tick/FSM_sequential_fsm_state_reg[1][0] | rst_IBUF         |                2 |              6 |         3.00 |
|  clk_IBUF_BUFG           | U_DHT11/U_Tick/tick_10us_reg_0[0]                 | rst_IBUF         |                5 |             11 |         2.20 |
|  clk_IBUF_BUFG           | U_DHT11/data_valid_next                           | rst_IBUF         |                5 |             16 |         3.20 |
|  clk_IBUF_BUFG           |                                                   | rst_IBUF         |               13 |             36 |         2.77 |
|  clk_IBUF_BUFG           | U_DHT11/U_Tick/E[0]                               | rst_IBUF         |               11 |             40 |         3.64 |
+--------------------------+---------------------------------------------------+------------------+------------------+----------------+--------------+


